This file contains any messages produced by compilers while
running configure, to aid debugging if configure makes a mistake.

configure:621: checking host system type
configure:642: checking target system type
configure:660: checking build system type
configure:719: checking for a BSD compatible install
configure:776: checking for -p flag to install
configure:799: checking whether build environment is sane
configure:837: checking whether make sets ${MAKE}
configure:883: checking for working aclocal
configure:896: checking for working autoconf
configure:909: checking for working automake
configure:922: checking for working autoheader
configure:935: checking for working makeinfo
configure:1041: checking for gcc
configure:1154: checking whether the C compiler (gcc   -O0 -g3 -Wall      ) works
configure:1170: gcc -o conftest   -O0 -g3 -Wall        conftest.c  1>&5
configure:1167: warning: return-type defaults to `int'
configure:1196: checking whether the C compiler (gcc   -O0 -g3 -Wall      ) is a cross-compiler
configure:1201: checking whether we are using GNU C
configure:1229: checking whether gcc accepts -g
configure:1294: checking for c++
configure:1326: checking whether the C++ compiler (c++   -O0 -g3 -Wall      ) works
configure:1347: rm -rf SunWS_cache; c++ -o conftest   -O0 -g3 -Wall        conftest.C  1>&5
configure:1373: checking whether the C++ compiler (c++   -O0 -g3 -Wall      ) is a cross-compiler
configure:1378: checking whether we are using GNU C++
configure:1406: checking whether c++ accepts -g
configure:1588: checking whether c++ supports -fno-exceptions
configure:1617: checking whether c++ supports -fno-check-new
configure:1646: checking whether c++ supports -fexceptions
configure:1730: checking how to run the C++ preprocessor
configure:1815: checking whether c++ supports -frepo
configure:2009: checking for ld used by GCC
configure:2077: checking if the linker (/usr/i486-suse-linux/bin/ld) is GNU ld
configure:2094: checking for /usr/i486-suse-linux/bin/ld option to reload object files
configure:2106: checking for BSD-compatible nm
configure:2144: checking whether ln -s works
configure:2165: checking how to recognise dependant libraries
configure:2486: checking for ranlib
configure:2553: checking for strip
configure:2725: checking for Cygwin environment
configure:2758: checking for mingw32 environment
ltconfig:678:checking for gcc option to produce PIC
ltconfig:687:checking that gcc PIC flag  -fPIC -DPIC works.
ltconfig:749: checking if gcc static flag -static works
ltconfig:780: finding the maximum length of command line arguments
ltconfig:@lineno@: result: 73729
ltconfig:883: checking if gcc supports -fno-rtti -fno-exceptions
ltconfig:884: gcc -c -O2   -O0 -g3 -Wall    -fno-rtti -fno-exceptions -c conftest.c  conftest.c 1>&5
ltconfig:1423: checking if global_symbol_pipe works
ltconfig:1424: gcc -c -O2   -O0 -g3 -Wall     conftest.c 1>&5
ltconfig:1427: eval "/usr/bin/nm -B conftest.o | sed -n -e 's/^.*[ 	]\([ABCDGISTW]\)[ 	][ 	]*\(\)\([_A-Za-z][_A-Za-z0-9]*\)$/\1 \2\3 \3/p' > conftest.nm"
ltconfig:1479: gcc -o conftest -O2   -O0 -g3 -Wall    -fno-builtin -fno-rtti -fno-exceptions     conftest.c conftstm.o 1>&5
conftest.c:6: warning: `main' is usually a function
ltconfig:1863: checking for dlfcn.h
ltconfig:1902: checking whether a program can dlopen itself
ltconfig:1976: checking whether a statically linked program can dlopen itself
c++ -E conftest.cc
ltconfig:678:checking for c++ option to produce PIC
ltconfig:687:checking that c++ PIC flag -fPIC -DPIC works.
ltconfig:697: c++ -c -O2 -O0 -g3 -Wall -fno-exceptions -fno-check-new -fPIC -DPIC -DPIC  conftest.cc 1>&5
ltconfig:749: checking if c++ static flag -static works
ltconfig:758: c++ -o conftest -O2 -O0 -g3 -Wall -fno-exceptions -fno-check-new     -static conftest.cc  1>&5
ltconfig:780: finding the maximum length of command line arguments
ltconfig:@lineno@: result: 73729
ltconfig:883: checking if c++ supports -fno-rtti -fno-exceptions
ltconfig:884: c++ -c -O2 -O0 -g3 -Wall -fno-exceptions -fno-check-new -fno-rtti -fno-exceptions -c conftest.cc  conftest.cc 1>&5
ltconfig:1423: checking if global_symbol_pipe works
ltconfig:1424: c++ -c -O2 -O0 -g3 -Wall -fno-exceptions -fno-check-new  conftest.cc 1>&5
ltconfig:1427: eval "/usr/bin/nm -B conftest.o | sed -n -e 's/^.*[ 	]\([ABCDGISTW]\)[ 	][ 	]*\(\)\([_A-Za-z][_A-Za-z0-9]*\)$/\1 \2\3 \3/p' > conftest.nm"
ltconfig:1479: c++ -o conftest -O2 -O0 -g3 -Wall -fno-exceptions -fno-check-new -fno-builtin -fno-rtti -fno-exceptions     conftest.cc conftstm.o 1>&5
ltconfig:1863: checking for dlfcn.h
ltconfig:1902: checking whether a program can dlopen itself
ltconfig:1976: checking whether a statically linked program can dlopen itself
configure:2905: checking for object suffix
configure:2931: checking for executable suffix
configure:2987: checking for msgfmt
configure:3021: checking for gmsgfmt
configure:3066: checking for xgettext
configure:3111: checking how to run the C preprocessor
configure:3199: checking for main in -lutil
configure:3235: checking for main in -lcompat
configure:3272: checking for crypt in -lcrypt
configure:3366: checking for socklen_t
configure:3463: checking for dnet_ntoa in -ldnet
configure:3504: checking for dnet_ntoa in -ldnet_stub
configure:3545: checking for inet_ntoa
configure:3635: checking for connect
configure:3726: checking for remove
configure:3818: checking for shmat
configure:3910: checking for res_init
configure:3973: gcc -o conftest -O2   -O0 -g3 -Wall        conftest.c   -lresolv 1>&5
configure:3998: checking for killpg in -lucb
configure:4086: checking size of int
configure:4124: checking size of long
configure:4162: checking size of char *
configure:4200: checking size of char
configure:4240: checking for dlopen in -ldl
configure:4284: checking for shl_unload in -ldld
configure:4332: checking for extra includes
configure:4363: checking for extra libs
configure:4397: checking for libz
configure:4453: checking for X
configure:4742: checking for IceConnectionNumber in -lICE
configure:4790: checking for libXext
configure:4843: checking for Xinerama
configure:4986: checking for libpng
configure:5048: checking for libjpeg6b
configure:5109: checking for libjpeg
configure: 5187: /usr/include/jpeglib.h
taking that
configure:5301: checking for Qt
configure:5520: checking if Qt compiles without flags
configure:5668: checking for moc
configure:5734: checking for uic
configure:5819: checking for rpath
configure:5848: checking for KDE
configure:6028: checking for KDE paths
configure:6521: checking for dcopidl
configure:6581: checking for dcopidl2cpp
configure:6641: checking for mcopidl
configure:6701: checking for artsc-config
configure:6761: checking for kde-config
configure:6817: checking for meinproc
configure: 6881: /opt/kde2/share/apps/ksgmltools2/customization/kde-chunk.xsl
taking that
configure:7017: checking if doc should be compiled
configure:7017: checking if knetswitch should be compiled
configure:7017: checking if po should be compiled
